\BOOKMARK [0][-]{chapter.1}{\376\377\000D\000i\000s\000c\000l\000a\000i\000m\000e\000r}{}% 1
\BOOKMARK [0][-]{chapter.2}{\376\377\000D\000e\000p\000e\000n\000d\000e\000n\000c\000i\000e\000s}{}% 2
\BOOKMARK [0][-]{chapter.3}{\376\377\000I\000n\000s\000t\000a\000l\000l\000a\000t\000i\000o\000n}{}% 3
\BOOKMARK [0][-]{chapter.4}{\376\377\000M\000o\000d\000u\000l\000e\000\040\000r\000e\000f\000e\000r\000e\000n\000c\000e}{}% 4
\BOOKMARK [1][-]{section.4.1}{\376\377\000d\000a\000t\000a\000\137\000t\000o\000o\000l\000s\000.\000d\000a\000t\000a\000b\000a\000s\000e\000s}{chapter.4}% 5
\BOOKMARK [2][-]{subsection.4.1.1}{\376\377\000C\000o\000n\000t\000e\000n\000t\000s}{section.4.1}% 6
\BOOKMARK [1][-]{section.4.2}{\376\377\000d\000a\000t\000a\000\137\000t\000o\000o\000l\000s\000.\000d\000i\000f\000f\000u\000s\000i\000o\000n}{chapter.4}% 7
\BOOKMARK [2][-]{subsection.4.2.1}{\376\377\000I\000n\000t\000r\000o\000d\000u\000c\000t\000i\000o\000n}{section.4.2}% 8
\BOOKMARK [3][-]{subsubsection.4.2.1.1}{\376\377\000E\000u\000l\000e\000r\000\040\000e\000x\000p\000l\000i\000c\000i\000t\000\040\000m\000e\000t\000h\000o\000d}{subsection.4.2.1}% 9
\BOOKMARK [3][-]{subsubsection.4.2.1.2}{\376\377\000E\000u\000l\000e\000r\000\040\000i\000m\000p\000l\000i\000c\000i\000t\000\040\000m\000e\000t\000h\000o\000d}{subsection.4.2.1}% 10
\BOOKMARK [3][-]{subsubsection.4.2.1.3}{\376\377\000C\000r\000a\000n\000k\000-\000N\000i\000c\000o\000l\000s\000o\000n\000\040\000m\000e\000t\000h\000o\000d}{subsection.4.2.1}% 11
\BOOKMARK [2][-]{subsection.4.2.2}{\376\377\000C\000o\000n\000t\000e\000n\000t\000s}{section.4.2}% 12
\BOOKMARK [1][-]{section.4.3}{\376\377\000d\000a\000t\000a\000\137\000t\000o\000o\000l\000s\000.\000i\000t\000e\000r\000a\000b\000l\000e\000s}{chapter.4}% 13
\BOOKMARK [2][-]{subsection.4.3.1}{\376\377\000C\000o\000n\000t\000e\000n\000t\000s}{section.4.3}% 14
\BOOKMARK [1][-]{section.4.4}{\376\377\000d\000a\000t\000a\000\137\000t\000o\000o\000l\000s\000.\000m\000o\000d\000e\000l\000s}{chapter.4}% 15
\BOOKMARK [2][-]{subsection.4.4.1}{\376\377\000C\000o\000n\000t\000e\000n\000t\000s}{section.4.4}% 16
\BOOKMARK [1][-]{section.4.5}{\376\377\000d\000a\000t\000a\000\137\000t\000o\000o\000l\000s\000.\000p\000l\000o\000t\000s}{chapter.4}% 17
\BOOKMARK [2][-]{subsection.4.5.1}{\376\377\000C\000o\000n\000t\000e\000n\000t\000s}{section.4.5}% 18
\BOOKMARK [1][-]{section.4.6}{\376\377\000d\000a\000t\000a\000\137\000t\000o\000o\000l\000s\000.\000s\000i\000g\000n\000a\000l}{chapter.4}% 19
\BOOKMARK [2][-]{subsection.4.6.1}{\376\377\000C\000o\000n\000t\000e\000n\000t\000s}{section.4.6}% 20
\BOOKMARK [1][-]{section.4.7}{\376\377\000d\000a\000t\000a\000\137\000t\000o\000o\000l\000s\000.\000s\000p\000a\000t\000i\000a\000l}{chapter.4}% 21
\BOOKMARK [2][-]{subsection.4.7.1}{\376\377\000C\000o\000n\000t\000e\000n\000t\000s}{section.4.7}% 22
\BOOKMARK [1][-]{section.4.8}{\376\377\000d\000a\000t\000a\000\137\000t\000o\000o\000l\000s\000.\000s\000t\000r\000i\000n\000g\000s}{chapter.4}% 23
\BOOKMARK [2][-]{subsection.4.8.1}{\376\377\000C\000o\000n\000t\000e\000n\000t\000s}{section.4.8}% 24
\BOOKMARK [0][-]{section*.48}{\376\377\000P\000y\000t\000h\000o\000n\000\040\000M\000o\000d\000u\000l\000e\000\040\000I\000n\000d\000e\000x}{}% 25
\BOOKMARK [0][-]{section*.49}{\376\377\000I\000n\000d\000e\000x}{}% 26
